<?xml version="1.0" encoding="UTF-8"?>
<!-- Generated by org.testng.reporters.JUnitReportReporter -->
<testsuite hostname="MacBook-Air-de-Bruno.local" failures="0" tests="1" name="Rest" time="20.754" errors="0" timestamp="2023-01-14T16:01:30 WET" skipped="0">
  <testcase classname="Rest" name="testGetPersonById" time="20.754"/>
  <system-out/>
</testsuite> <!-- Rest -->
