<?xml version="1.0" encoding="UTF-8"?>
<!-- Generated by org.testng.reporters.JUnitReportReporter -->
<testsuite hostname="MacBook-Air-de-Bruno.local" failures="0" tests="1" name="Rest" time="5.259" errors="0" timestamp="2023-01-15T11:17:23 WET" skipped="0">
  <testcase classname="Rest" name="testGetPersonById" time="5.259"/>
  <system-out/>
</testsuite> <!-- Rest -->
